<?xml version="1.0" encoding="UTF-8"?>
<!-- Generated by org.testng.reporters.JUnitReportReporter -->
<testsuite hostname="Reenus-MBP" name="com.Srihari.MavenFrameWork.Workload.Report" tests="1" failures="0" timestamp="21 Nov 2017 16:57:01 GMT" time="0.007" errors="0">
  <testcase name="f" time="0.007" classname="com.Srihari.MavenFrameWork.Workload.Report"/>
</testsuite> <!-- com.Srihari.MavenFrameWork.Workload.Report -->
