<?xml version="1.0" encoding="UTF-8"?>
<!-- Generated by org.testng.reporters.JUnitReportReporter -->
<testsuite hostname="Reenus-MBP" name="com.Srihari.MavenFrameWork.LoginPage.RegWithOrganisationName" tests="1" failures="0" timestamp="22 Nov 2017 19:45:54 GMT" time="48.569" errors="0">
  <testcase name="VerifyRegistraion" time="48.569" classname="com.Srihari.MavenFrameWork.LoginPage.RegWithOrganisationName"/>
</testsuite> <!-- com.Srihari.MavenFrameWork.LoginPage.RegWithOrganisationName -->
