<?xml version="1.0" encoding="UTF-8"?>
<!-- Generated by org.testng.reporters.JUnitReportReporter -->
<testsuite hostname="Reenus-MBP" name="com.Srihari.MavenFrameWork.LoginPage.PresentRegisterButton" tests="1" failures="0" timestamp="22 Nov 2017 19:45:54 GMT" time="0.926" errors="0">
  <testcase name="VerifyRegisterButton" time="0.926" classname="com.Srihari.MavenFrameWork.LoginPage.PresentRegisterButton"/>
</testsuite> <!-- com.Srihari.MavenFrameWork.LoginPage.PresentRegisterButton -->
